{
  "stats": {
    "suites": 1,
    "tests": 1,
    "passes": 1,
    "pending": 0,
    "failures": 0,
    "start": "2023-04-24T13:56:01.589Z",
    "end": "2023-04-24T13:56:02.255Z",
    "duration": 666,
    "testsRegistered": 1,
    "passPercent": 100,
    "pendingPercent": 0,
    "other": 0,
    "hasOther": false,
    "skipped": 0,
    "hasSkipped": false
  },
  "results": [
    {
      "uuid": "53658810-7e42-4977-92a2-be81eb7fadf1",
      "title": "",
      "fullFile": "cypress/integration/1.usuarios.spec.js",
      "file": "cypress/integration/1.usuarios.spec.js",
      "beforeHooks": [],
      "afterHooks": [],
      "tests": [],
      "suites": [
        {
          "uuid": "84662a90-f640-42ad-92cd-90413fe539a0",
          "title": "Casos de teste sobre a rota /login da API Serverest",
          "fullFile": "",
          "file": "",
          "beforeHooks": [],
          "afterHooks": [],
          "tests": [
            {
              "title": "Deve realizar login com sucesso",
              "fullTitle": "Casos de teste sobre a rota /login da API Serverest Deve realizar login com sucesso",
              "timedOut": null,
              "duration": 650,
              "state": "passed",
              "speed": "fast",
              "pass": true,
              "fail": false,
              "pending": false,
              "context": null,
              "code": "_serverest.default.buscarUsuariosParaLogin();\ncy.get('@usuarioLogin').then(usuario => {\n  _serverest.default.logar(usuario).then(res => {\n    _validaServerest.default.validaLoginComSucesso(res);\n    _serverest.default.salvarBearer(res);\n  });\n});",
              "err": {},
              "uuid": "992cc158-7d3d-465a-9934-594ed9563a9f",
              "parentUUID": "84662a90-f640-42ad-92cd-90413fe539a0",
              "isHook": false,
              "skipped": false
            }
          ],
          "suites": [],
          "passes": [
            "992cc158-7d3d-465a-9934-594ed9563a9f"
          ],
          "failures": [],
          "pending": [],
          "skipped": [],
          "duration": 650,
          "root": false,
          "rootEmpty": false,
          "_timeout": 2000
        }
      ],
      "passes": [],
      "failures": [],
      "pending": [],
      "skipped": [],
      "duration": 0,
      "root": true,
      "rootEmpty": true,
      "_timeout": 2000
    }
  ],
  "meta": {
    "mocha": {
      "version": "7.0.1"
    },
    "mochawesome": {
      "options": {
        "quiet": false,
        "reportFilename": "mochawesome",
        "saveHtml": false,
        "saveJson": true,
        "consoleReporter": "spec",
        "useInlineDiffs": false,
        "code": true
      },
      "version": "7.1.3"
    },
    "marge": {
      "options": {
        "id": "default",
        "reportDir": "cypress/reports",
        "quite": true,
        "overwrite": false,
        "html": false,
        "json": true
      },
      "version": "6.2.0"
    }
  }
}