{
  "stats": {
    "suites": 2,
    "tests": 8,
    "passes": 8,
    "pending": 0,
    "failures": 0,
    "start": "2023-04-24T13:56:27.898Z",
    "end": "2023-04-24T13:56:30.186Z",
    "duration": 2288,
    "testsRegistered": 8,
    "passPercent": 100,
    "pendingPercent": 0,
    "other": 0,
    "hasOther": false,
    "skipped": 0,
    "hasSkipped": false
  },
  "results": [
    {
      "uuid": "b1e00e8b-da7b-41c0-8791-e811abce7ca0",
      "title": "",
      "fullFile": "cypress/integration/2-advanced-examples/connectors.spec.js",
      "file": "cypress/integration/2-advanced-examples/connectors.spec.js",
      "beforeHooks": [],
      "afterHooks": [],
      "tests": [],
      "suites": [
        {
          "uuid": "2372b87d-b142-4c5f-a938-927e025a3f0c",
          "title": "Connectors",
          "fullFile": "",
          "file": "",
          "beforeHooks": [],
          "afterHooks": [],
          "tests": [
            {
              "title": ".each() - iterate over an array of elements",
              "fullTitle": "Connectors .each() - iterate over an array of elements",
              "timedOut": null,
              "duration": 351,
              "state": "passed",
              "speed": "fast",
              "pass": true,
              "fail": false,
              "pending": false,
              "context": null,
              "code": "// https://on.cypress.io/each\ncy.get('.connectors-each-ul>li').each(($el, index, $list) => {\n  console.log($el, index, $list);\n});",
              "err": {},
              "uuid": "01d521a8-9b37-458e-aa98-4a37ec4154d5",
              "parentUUID": "2372b87d-b142-4c5f-a938-927e025a3f0c",
              "isHook": false,
              "skipped": false
            },
            {
              "title": ".its() - get properties on the current subject",
              "fullTitle": "Connectors .its() - get properties on the current subject",
              "timedOut": null,
              "duration": 129,
              "state": "passed",
              "speed": "fast",
              "pass": true,
              "fail": false,
              "pending": false,
              "context": null,
              "code": "// https://on.cypress.io/its\ncy.get('.connectors-its-ul>li') // calls the 'length' property yielding that value\n.its('length').should('be.gt', 2);",
              "err": {},
              "uuid": "c828abc2-7f5d-44c0-b3e8-5672310fac44",
              "parentUUID": "2372b87d-b142-4c5f-a938-927e025a3f0c",
              "isHook": false,
              "skipped": false
            },
            {
              "title": ".invoke() - invoke a function on the current subject",
              "fullTitle": "Connectors .invoke() - invoke a function on the current subject",
              "timedOut": null,
              "duration": 115,
              "state": "passed",
              "speed": "fast",
              "pass": true,
              "fail": false,
              "pending": false,
              "context": null,
              "code": "// our div is hidden in our script.js\n// $('.connectors-div').hide()\n// https://on.cypress.io/invoke\ncy.get('.connectors-div').should('be.hidden') // call the jquery method 'show' on the 'div.container'\n.invoke('show').should('be.visible');",
              "err": {},
              "uuid": "d550d981-ccf9-43be-b646-bd14e2a38d6f",
              "parentUUID": "2372b87d-b142-4c5f-a938-927e025a3f0c",
              "isHook": false,
              "skipped": false
            },
            {
              "title": ".spread() - spread an array as individual args to callback function",
              "fullTitle": "Connectors .spread() - spread an array as individual args to callback function",
              "timedOut": null,
              "duration": 95,
              "state": "passed",
              "speed": "fast",
              "pass": true,
              "fail": false,
              "pending": false,
              "context": null,
              "code": "// https://on.cypress.io/spread\nconst arr = ['foo', 'bar', 'baz'];\ncy.wrap(arr).spread((foo, bar, baz) => {\n  expect(foo).to.eq('foo');\n  expect(bar).to.eq('bar');\n  expect(baz).to.eq('baz');\n});",
              "err": {},
              "uuid": "f4a6a60b-dd9d-4c1b-bccd-c91d8157168e",
              "parentUUID": "2372b87d-b142-4c5f-a938-927e025a3f0c",
              "isHook": false,
              "skipped": false
            }
          ],
          "suites": [
            {
              "uuid": "984ff2e8-3feb-41a2-9951-ecf53036197c",
              "title": ".then()",
              "fullFile": "",
              "file": "",
              "beforeHooks": [],
              "afterHooks": [],
              "tests": [
                {
                  "title": "invokes a callback function with the current subject",
                  "fullTitle": "Connectors .then() invokes a callback function with the current subject",
                  "timedOut": null,
                  "duration": 117,
                  "state": "passed",
                  "speed": "fast",
                  "pass": true,
                  "fail": false,
                  "pending": false,
                  "context": null,
                  "code": "// https://on.cypress.io/then\ncy.get('.connectors-list > li').then($lis => {\n  expect($lis, '3 items').to.have.length(3);\n  expect($lis.eq(0), 'first item').to.contain('Walk the dog');\n  expect($lis.eq(1), 'second item').to.contain('Feed the cat');\n  expect($lis.eq(2), 'third item').to.contain('Write JavaScript');\n});",
                  "err": {},
                  "uuid": "f87ea986-d8da-45f6-a5c6-91f13ee5583c",
                  "parentUUID": "984ff2e8-3feb-41a2-9951-ecf53036197c",
                  "isHook": false,
                  "skipped": false
                },
                {
                  "title": "yields the returned value to the next command",
                  "fullTitle": "Connectors .then() yields the returned value to the next command",
                  "timedOut": null,
                  "duration": 98,
                  "state": "passed",
                  "speed": "fast",
                  "pass": true,
                  "fail": false,
                  "pending": false,
                  "context": null,
                  "code": "cy.wrap(1).then(num => {\n  expect(num).to.equal(1);\n  return 2;\n}).then(num => {\n  expect(num).to.equal(2);\n});",
                  "err": {},
                  "uuid": "cec8d901-89a7-4932-af4b-80bebd0c06ef",
                  "parentUUID": "984ff2e8-3feb-41a2-9951-ecf53036197c",
                  "isHook": false,
                  "skipped": false
                },
                {
                  "title": "yields the original subject without return",
                  "fullTitle": "Connectors .then() yields the original subject without return",
                  "timedOut": null,
                  "duration": 105,
                  "state": "passed",
                  "speed": "fast",
                  "pass": true,
                  "fail": false,
                  "pending": false,
                  "context": null,
                  "code": "cy.wrap(1).then(num => {\n  expect(num).to.equal(1); // note that nothing is returned from this callback\n}).then(num => {\n  // this callback receives the original unchanged value 1\n  expect(num).to.equal(1);\n});",
                  "err": {},
                  "uuid": "e4209c86-1e7c-4718-8340-e08c79c0a976",
                  "parentUUID": "984ff2e8-3feb-41a2-9951-ecf53036197c",
                  "isHook": false,
                  "skipped": false
                },
                {
                  "title": "yields the value yielded by the last Cypress command inside",
                  "fullTitle": "Connectors .then() yields the value yielded by the last Cypress command inside",
                  "timedOut": null,
                  "duration": 103,
                  "state": "passed",
                  "speed": "fast",
                  "pass": true,
                  "fail": false,
                  "pending": false,
                  "context": null,
                  "code": "cy.wrap(1).then(num => {\n  expect(num).to.equal(1); // note how we run a Cypress command\n  // the result yielded by this Cypress command\n  // will be passed to the second \".then\"\n  cy.wrap(2);\n}).then(num => {\n  // this callback receives the value yielded by \"cy.wrap(2)\"\n  expect(num).to.equal(2);\n});",
                  "err": {},
                  "uuid": "88016cf4-ec74-4c6f-a35f-748d94f261b3",
                  "parentUUID": "984ff2e8-3feb-41a2-9951-ecf53036197c",
                  "isHook": false,
                  "skipped": false
                }
              ],
              "suites": [],
              "passes": [
                "f87ea986-d8da-45f6-a5c6-91f13ee5583c",
                "cec8d901-89a7-4932-af4b-80bebd0c06ef",
                "e4209c86-1e7c-4718-8340-e08c79c0a976",
                "88016cf4-ec74-4c6f-a35f-748d94f261b3"
              ],
              "failures": [],
              "pending": [],
              "skipped": [],
              "duration": 423,
              "root": false,
              "rootEmpty": false,
              "_timeout": 2000
            }
          ],
          "passes": [
            "01d521a8-9b37-458e-aa98-4a37ec4154d5",
            "c828abc2-7f5d-44c0-b3e8-5672310fac44",
            "d550d981-ccf9-43be-b646-bd14e2a38d6f",
            "f4a6a60b-dd9d-4c1b-bccd-c91d8157168e"
          ],
          "failures": [],
          "pending": [],
          "skipped": [],
          "duration": 690,
          "root": false,
          "rootEmpty": false,
          "_timeout": 2000
        }
      ],
      "passes": [],
      "failures": [],
      "pending": [],
      "skipped": [],
      "duration": 0,
      "root": true,
      "rootEmpty": true,
      "_timeout": 2000
    }
  ],
  "meta": {
    "mocha": {
      "version": "7.0.1"
    },
    "mochawesome": {
      "options": {
        "quiet": false,
        "reportFilename": "mochawesome",
        "saveHtml": false,
        "saveJson": true,
        "consoleReporter": "spec",
        "useInlineDiffs": false,
        "code": true
      },
      "version": "7.1.3"
    },
    "marge": {
      "options": {
        "id": "default",
        "reportDir": "cypress/reports",
        "quite": true,
        "overwrite": false,
        "html": false,
        "json": true
      },
      "version": "6.2.0"
    }
  }
}